2022-08-27 15:10:52,676 - __main__ - INFO - Processing 2 domains.
2022-08-29 16:57:53,320 - __main__ - INFO - Processing 2 domains.
2022-08-30 17:50:51,448 - __main__ - INFO - Processing 2 domains.
2022-08-30 17:52:53,476 - __main__ - INFO - Processing 2 domains.
2022-08-30 17:56:59,817 - __main__ - INFO - Processing 2 domains.
2022-08-30 21:36:47,982 - __main__ - INFO -  training took: 54.851653
2022-08-30 21:44:46,815 - __main__ - INFO -  training took: 62.623992
2022-08-30 21:54:26,453 - __main__ - INFO -  training took: 61.946767
2022-08-30 21:58:53,448 - __main__ - INFO -  training took: ['__class__', '__delattr__', '__dict__', '__dir__', '__doc__', '__eq__', '__format__', '__ge__', '__getattribute__', '__gt__', '__hash__', '__init__', '__init_subclass__', '__le__', '__lt__', '__module__', '__ne__', '__new__', '__reduce__', '__reduce_ex__', '__repr__', '__setattr__', '__sizeof__', '__str__', '__subclasshook__', '__weakref__', '_is_leaf', 'dist_fn', 'get_all_in_range', 'get_n_nearest_neighbors', 'get_nearest_neighbor', 'left', 'left_max', 'left_min', 'right', 'right_max', 'right_min', 'vp']
2022-08-30 22:00:00,331 - __main__ - INFO -  training took: 70.274387
2022-08-30 22:05:32,303 - __main__ - INFO -  training took: ['__class__', '__delattr__', '__dict__', '__dir__', '__doc__', '__eq__', '__format__', '__ge__', '__getattribute__', '__gt__', '__hash__', '__init__', '__init_subclass__', '__le__', '__lt__', '__module__', '__ne__', '__new__', '__reduce__', '__reduce_ex__', '__repr__', '__setattr__', '__sizeof__', '__slotnames__', '__str__', '__subclasshook__', '__weakref__', '_is_leaf', 'dist_fn', 'get_all_in_range', 'get_n_nearest_neighbors', 'get_nearest_neighbor', 'left', 'left_max', 'left_min', 'right', 'right_max', 'right_min', 'vp']
2022-08-30 22:06:33,392 - __main__ - INFO -  training took: 64.431033
2022-09-02 16:02:24,864 - __main__ - INFO - Processing 3 domains.
2022-09-02 16:15:08,321 - __main__ - INFO - Processing 3 domains.
2022-09-02 16:15:12,039 - __mp_main__ - ERROR - -failed to get data for google.pt
2022-09-02 16:15:12,042 - __mp_main__ - ERROR - -failed to get data for google.fr
2022-09-02 16:15:12,091 - __mp_main__ - ERROR - -failed to get data for google.com
2022-09-03 16:09:27,573 - __main__ - INFO -  training took: ['__class__', '__delattr__', '__dict__', '__dir__', '__doc__', '__eq__', '__format__', '__ge__', '__getattribute__', '__gt__', '__hash__', '__init__', '__init_subclass__', '__le__', '__lt__', '__module__', '__ne__', '__new__', '__reduce__', '__reduce_ex__', '__repr__', '__setattr__', '__sizeof__', '__slotnames__', '__str__', '__subclasshook__', '__weakref__', '_is_leaf', 'dist_fn', 'get_all_in_range', 'get_n_nearest_neighbors', 'get_nearest_neighbor', 'left', 'left_max', 'left_min', 'right', 'right_max', 'right_min', 'vp']
2022-09-03 16:09:54,905 - __main__ - INFO -  training took: 28.599417
2022-09-03 16:15:31,076 - __main__ - INFO -  training took: ['__class__', '__delattr__', '__dict__', '__dir__', '__doc__', '__eq__', '__format__', '__ge__', '__getattribute__', '__gt__', '__hash__', '__init__', '__init_subclass__', '__le__', '__lt__', '__module__', '__ne__', '__new__', '__reduce__', '__reduce_ex__', '__repr__', '__setattr__', '__sizeof__', '__slotnames__', '__str__', '__subclasshook__', '__weakref__', '_is_leaf', 'dist_fn', 'get_all_in_range', 'get_n_nearest_neighbors', 'get_nearest_neighbor', 'left', 'left_max', 'left_min', 'right', 'right_max', 'right_min', 'vp']
2022-09-03 16:15:57,892 - __main__ - INFO -  training took: 28.151415
2022-09-03 16:16:46,247 - __main__ - INFO -  training took: ['__class__', '__delattr__', '__dict__', '__dir__', '__doc__', '__eq__', '__format__', '__ge__', '__getattribute__', '__gt__', '__hash__', '__init__', '__init_subclass__', '__le__', '__lt__', '__module__', '__ne__', '__new__', '__reduce__', '__reduce_ex__', '__repr__', '__setattr__', '__sizeof__', '__slotnames__', '__str__', '__subclasshook__', '__weakref__', '_is_leaf', 'dist_fn', 'get_all_in_range', 'get_n_nearest_neighbors', 'get_nearest_neighbor', 'left', 'left_max', 'left_min', 'right', 'right_max', 'right_min', 'vp']
2022-09-03 16:17:11,524 - __main__ - INFO -  training took: 26.598991
2022-09-03 16:18:58,316 - __main__ - INFO -  training took: ['__class__', '__delattr__', '__dict__', '__dir__', '__doc__', '__eq__', '__format__', '__ge__', '__getattribute__', '__gt__', '__hash__', '__init__', '__init_subclass__', '__le__', '__lt__', '__module__', '__ne__', '__new__', '__reduce__', '__reduce_ex__', '__repr__', '__setattr__', '__sizeof__', '__slotnames__', '__str__', '__subclasshook__', '__weakref__', '_is_leaf', 'dist_fn', 'get_all_in_range', 'get_n_nearest_neighbors', 'get_nearest_neighbor', 'left', 'left_max', 'left_min', 'right', 'right_max', 'right_min', 'vp']
2022-09-03 16:19:25,784 - __main__ - INFO -  training took: 28.752624
2022-09-03 16:20:27,490 - __main__ - INFO -  training took: ['__class__', '__delattr__', '__dict__', '__dir__', '__doc__', '__eq__', '__format__', '__ge__', '__getattribute__', '__gt__', '__hash__', '__init__', '__init_subclass__', '__le__', '__lt__', '__module__', '__ne__', '__new__', '__reduce__', '__reduce_ex__', '__repr__', '__setattr__', '__sizeof__', '__slotnames__', '__str__', '__subclasshook__', '__weakref__', '_is_leaf', 'dist_fn', 'get_all_in_range', 'get_n_nearest_neighbors', 'get_nearest_neighbor', 'left', 'left_max', 'left_min', 'right', 'right_max', 'right_min', 'vp']
2022-09-03 16:20:53,818 - __main__ - INFO -  training took: 27.585631
2022-09-03 16:21:49,366 - __main__ - INFO -  training took: ['__class__', '__delattr__', '__dict__', '__dir__', '__doc__', '__eq__', '__format__', '__ge__', '__getattribute__', '__gt__', '__hash__', '__init__', '__init_subclass__', '__le__', '__lt__', '__module__', '__ne__', '__new__', '__reduce__', '__reduce_ex__', '__repr__', '__setattr__', '__sizeof__', '__slotnames__', '__str__', '__subclasshook__', '__weakref__', '_is_leaf', 'dist_fn', 'get_all_in_range', 'get_n_nearest_neighbors', 'get_nearest_neighbor', 'left', 'left_max', 'left_min', 'right', 'right_max', 'right_min', 'vp']
2022-09-03 16:22:17,268 - __main__ - INFO -  training took: 29.212376
2022-09-03 17:19:11,844 - __main__ - INFO -  training took: ['__class__', '__delattr__', '__dict__', '__dir__', '__doc__', '__eq__', '__format__', '__ge__', '__getattribute__', '__gt__', '__hash__', '__init__', '__init_subclass__', '__le__', '__lt__', '__module__', '__ne__', '__new__', '__reduce__', '__reduce_ex__', '__repr__', '__setattr__', '__sizeof__', '__slotnames__', '__str__', '__subclasshook__', '__weakref__', '_is_leaf', 'dist_fn', 'get_all_in_range', 'get_n_nearest_neighbors', 'get_nearest_neighbor', 'left', 'left_max', 'left_min', 'right', 'right_max', 'right_min', 'vp']
2022-09-03 17:19:38,478 - __main__ - INFO -  training took: 27.809386
2022-09-03 19:19:09,009 - __main__ - INFO -  training took: ['__class__', '__delattr__', '__dict__', '__dir__', '__doc__', '__eq__', '__format__', '__ge__', '__getattribute__', '__gt__', '__hash__', '__init__', '__init_subclass__', '__le__', '__lt__', '__module__', '__ne__', '__new__', '__reduce__', '__reduce_ex__', '__repr__', '__setattr__', '__sizeof__', '__slotnames__', '__str__', '__subclasshook__', '__weakref__', '_is_leaf', 'dist_fn', 'get_all_in_range', 'get_n_nearest_neighbors', 'get_nearest_neighbor', 'left', 'left_max', 'left_min', 'right', 'right_max', 'right_min', 'vp']
2022-09-03 19:19:34,306 - __main__ - INFO -  training took: 26.430403
2022-09-03 19:27:42,565 - __main__ - INFO -  training took: ['__class__', '__delattr__', '__dict__', '__dir__', '__doc__', '__eq__', '__format__', '__ge__', '__getattribute__', '__gt__', '__hash__', '__init__', '__init_subclass__', '__le__', '__lt__', '__module__', '__ne__', '__new__', '__reduce__', '__reduce_ex__', '__repr__', '__setattr__', '__sizeof__', '__slotnames__', '__str__', '__subclasshook__', '__weakref__', '_is_leaf', 'dist_fn', 'get_all_in_range', 'get_n_nearest_neighbors', 'get_nearest_neighbor', 'left', 'left_max', 'left_min', 'right', 'right_max', 'right_min', 'vp']
2022-09-03 19:28:08,743 - __main__ - INFO -  training took: 27.30858
